<?xml version="1.0" encoding="UTF-8"?>
<!-- Generated by org.testng.reporters.JUnitReportReporter -->
<testsuite hostname="DESKTOP-T7IHCJ8" failures="0" tests="2" name="groupingFeatures.GroupingExample" time="0.023" errors="0" timestamp="2024-09-14T20:22:40 IST" skipped="0">
  <testcase classname="groupingFeatures.GroupingExample" name="myTestD" time="0.004"/>
  <system-out/>
  <testcase classname="groupingFeatures.GroupingExample" name="myTestC" time="0.019"/>
  <system-out/>
</testsuite> <!-- groupingFeatures.GroupingExample -->
