<?xml version="1.0" encoding="UTF-8"?>
<!-- Generated by org.testng.reporters.JUnitReportReporter -->
<testsuite hostname="DESKTOP-T7IHCJ8" failures="0" tests="2" name="otherFeature.ParentClassExample" time="0.006" errors="0" timestamp="2024-09-14T19:48:18 IST" skipped="0">
  <testcase classname="otherFeature.ParentClassExample" name="myTestF" time="0.002"/>
  <system-out/>
  <testcase classname="otherFeature.ParentClassExample" name="myTestE" time="0.004"/>
  <system-out/>
</testsuite> <!-- otherFeature.ParentClassExample -->
