<?xml version="1.0" encoding="UTF-8"?>
<!-- Generated by org.testng.reporters.JUnitReportReporter -->
<testsuite hostname="DESKTOP-T7IHCJ8" failures="0" tests="4" name="parallelMethods.ParallelMethodExample" time="0.105" errors="0" timestamp="2024-09-16T11:55:29 IST" skipped="0">
  <testcase classname="parallelMethods.ParallelMethodExample" name="testCase2" time="0.026"/>
  <system-out/>
  <testcase classname="parallelMethods.ParallelMethodExample" name="testCase1" time="0.029"/>
  <system-out/>
  <testcase classname="parallelMethods.ParallelMethodExample" name="testCase3" time="0.027"/>
  <system-out/>
  <testcase classname="parallelMethods.ParallelMethodExample" name="testCase4" time="0.023"/>
  <system-out/>
</testsuite> <!-- parallelMethods.ParallelMethodExample -->
