<?xml version="1.0" encoding="UTF-8"?>
<!-- Generated by org.testng.reporters.JUnitReportReporter -->
<testsuite hostname="DESKTOP-T7IHCJ8" failures="0" tests="4" name="parallelClasses.ParallelClassesExample2" time="0.053" errors="0" timestamp="2024-09-16T12:00:50 IST" skipped="0">
  <testcase classname="parallelClasses.ParallelClassesExample2" name="testCase5" time="0.023"/>
  <system-out/>
  <testcase classname="parallelClasses.ParallelClassesExample2" name="testCase8" time="0.001"/>
  <system-out/>
  <testcase classname="parallelClasses.ParallelClassesExample2" name="testCase7" time="0.007"/>
  <system-out/>
  <testcase classname="parallelClasses.ParallelClassesExample2" name="testCase6" time="0.022"/>
  <system-out/>
</testsuite> <!-- parallelClasses.ParallelClassesExample2 -->
