<?xml version="1.0" encoding="UTF-8"?>
<!-- Generated by org.testng.reporters.JUnitReportReporter -->
<testsuite hostname="DESKTOP-T7IHCJ8" failures="0" tests="2" name="annotations.BeforeMethodExample" time="0.035" errors="0" timestamp="2024-09-12T18:34:27 IST" skipped="0">
  <testcase classname="annotations.BeforeMethodExample" name="testMethod" time="0.031"/>
  <system-out/>
  <testcase classname="annotations.BeforeMethodExample" name="testMethod2" time="0.004"/>
  <system-out/>
</testsuite> <!-- annotations.BeforeMethodExample -->
