<?xml version="1.0" encoding="UTF-8"?>
<!-- Generated by org.testng.reporters.JUnitReportReporter -->
<testsuite hostname="DESKTOP-T7IHCJ8" failures="0" tests="4" name="otherFeature.DependsOnInheritataMethodExample" time="0.038" errors="0" timestamp="2024-09-14T19:48:18 IST" skipped="0">
  <testcase classname="otherFeature.DependsOnInheritataMethodExample" name="myTestE" time="0.002"/>
  <system-out/>
  <testcase classname="otherFeature.DependsOnInheritataMethodExample" name="myTestF" time="0.009"/>
  <system-out/>
  <testcase classname="otherFeature.DependsOnInheritataMethodExample" name="myTestB" time="0.022"/>
  <system-out/>
  <testcase classname="otherFeature.DependsOnInheritataMethodExample" name="myTestA" time="0.005"/>
  <system-out/>
</testsuite> <!-- otherFeature.DependsOnInheritataMethodExample -->
