<?xml version="1.0" encoding="UTF-8"?>
<!-- Generated by org.testng.reporters.JUnitReportReporter -->
<testsuite hostname="DESKTOP-T7IHCJ8" failures="0" tests="1" name="testNGITestListner.ITestListnerExample" time="0.017" errors="0" timestamp="2024-09-15T17:41:20 IST" skipped="0">
  <testcase classname="testNGITestListner.ITestListnerExample" name="myTestOne" time="0.017"/>
  <system-out/>
</testsuite> <!-- testNGITestListner.ITestListnerExample -->
