<?xml version="1.0" encoding="UTF-8"?>
<!-- Generated by org.testng.reporters.JUnitReportReporter -->
<testsuite hostname="DESKTOP-T7IHCJ8" failures="0" tests="2" name="annotations.AfterMethodExample" time="0.035" errors="0" timestamp="2024-09-12T18:37:45 IST" skipped="0">
  <testcase classname="annotations.AfterMethodExample" name="testMethod" time="0.028"/>
  <system-out/>
  <testcase classname="annotations.AfterMethodExample" name="testMethod2" time="0.007"/>
  <system-out/>
</testsuite> <!-- annotations.AfterMethodExample -->
