<?xml version="1.0" encoding="UTF-8"?>
<!-- Generated by org.testng.reporters.JUnitReportReporter -->
<testsuite hostname="DESKTOP-T7IHCJ8" failures="0" tests="4" name="otherFeature.DependsOnGroupAndMethodTestExample" time="0.027" errors="0" timestamp="2024-09-14T20:03:00 IST" skipped="1">
  <testcase classname="otherFeature.DependsOnGroupAndMethodTestExample" name="myTestC" time="0.002"/>
  <system-out/>
  <testcase classname="otherFeature.DependsOnGroupAndMethodTestExample" name="myTestD" time="0.007"/>
  <system-out/>
  <testcase classname="otherFeature.DependsOnGroupAndMethodTestExample" name="myTestB" time="0.018"/>
  <system-out/>
  <testcase classname="otherFeature.DependsOnGroupAndMethodTestExample" name="myTestA" time="0.000">
    <skipped/>
  </testcase> <!-- myTestA -->
  <system-out/>
</testsuite> <!-- otherFeature.DependsOnGroupAndMethodTestExample -->
