<?xml version="1.0" encoding="UTF-8"?>
<!-- Generated by org.testng.reporters.JUnitReportReporter -->
<testsuite hostname="DESKTOP-T7IHCJ8" failures="0" tests="8" name="parallelTestMethod.ParallelTestMethodExample" time="0.187" errors="0" timestamp="2024-09-16T12:14:05 IST" skipped="0">
  <testcase classname="parallelTestMethod.ParallelTestMethodExample" name="testCase" time="0.023"/>
  <system-out/>
  <testcase classname="parallelTestMethod.ParallelTestMethodExample" name="testCase" time="0.013"/>
  <system-out/>
  <testcase classname="parallelTestMethod.ParallelTestMethodExample" name="testCase" time="0.028"/>
  <system-out/>
  <testcase classname="parallelTestMethod.ParallelTestMethodExample" name="testCase" time="0.028"/>
  <system-out/>
  <testcase classname="parallelTestMethod.ParallelTestMethodExample" name="testCase" time="0.005"/>
  <system-out/>
  <testcase classname="parallelTestMethod.ParallelTestMethodExample" name="testCase" time="0.027"/>
  <system-out/>
  <testcase classname="parallelTestMethod.ParallelTestMethodExample" name="testCase" time="0.028"/>
  <system-out/>
  <testcase classname="parallelTestMethod.ParallelTestMethodExample" name="testCase" time="0.035"/>
  <system-out/>
</testsuite> <!-- parallelTestMethod.ParallelTestMethodExample -->
