<?xml version="1.0" encoding="UTF-8"?>
<!-- Generated by org.testng.reporters.JUnitReportReporter -->
<testsuite hostname="DESKTOP-T7IHCJ8" failures="0" tests="2" name="annotations.TestClassTwo" time="0.028" errors="0" timestamp="2024-09-12T19:09:25 IST" skipped="0">
  <testcase classname="annotations.TestClassTwo" name="tesClassTwo" time="0.018"/>
  <system-out/>
  <testcase classname="annotations.TestClassTwo" name="tesClassTwo" time="0.010"/>
  <system-out/>
</testsuite> <!-- annotations.TestClassTwo -->
