<?xml version="1.0" encoding="UTF-8"?>
<!-- Generated by org.testng.reporters.JUnitReportReporter -->
<testsuite hostname="DESKTOP-T7IHCJ8" failures="0" tests="2" name="annotations.AfterClassMethodExample" time="0.024" errors="0" timestamp="2024-09-12T18:45:17 IST" skipped="0">
  <testcase classname="annotations.AfterClassMethodExample" name="testMethod2" time="0.009"/>
  <system-out/>
  <testcase classname="annotations.AfterClassMethodExample" name="testMethod" time="0.015"/>
  <system-out/>
</testsuite> <!-- annotations.AfterClassMethodExample -->
