<?xml version="1.0" encoding="UTF-8"?>
<!-- Generated by org.testng.reporters.JUnitReportReporter -->
<testsuite hostname="DESKTOP-T7IHCJ8" failures="0" tests="1" name="annotations.TestAnnotationByClass" time="0.012" errors="0" timestamp="2024-09-12T18:58:55 IST" skipped="0">
  <testcase classname="annotations.TestAnnotationByClass" name="myTest" time="0.012"/>
  <system-out/>
</testsuite> <!-- annotations.TestAnnotationByClass -->
