<?xml version="1.0" encoding="UTF-8"?>
<!-- Generated by org.testng.reporters.JUnitReportReporter -->
<testsuite hostname="DESKTOP-T7IHCJ8" failures="0" tests="4" name="parallelClasses.ParallelClassesExample1" time="0.039" errors="0" timestamp="2024-09-16T12:00:50 IST" skipped="0">
  <testcase classname="parallelClasses.ParallelClassesExample1" name="testCase4" time="0.003"/>
  <system-out/>
  <testcase classname="parallelClasses.ParallelClassesExample1" name="testCase1" time="0.023"/>
  <system-out/>
  <testcase classname="parallelClasses.ParallelClassesExample1" name="testCase3" time="0.005"/>
  <system-out/>
  <testcase classname="parallelClasses.ParallelClassesExample1" name="testCase2" time="0.008"/>
  <system-out/>
</testsuite> <!-- parallelClasses.ParallelClassesExample1 -->
