<?xml version="1.0" encoding="UTF-8"?>
<!-- Generated by org.testng.reporters.JUnitReportReporter -->
<testsuite hostname="DESKTOP-T7IHCJ8" failures="0" tests="2" name="annotations.BeforeClassExample" time="0.047" errors="0" timestamp="2024-09-12T18:41:16 IST" skipped="0">
  <testcase classname="annotations.BeforeClassExample" name="testMethod" time="0.042"/>
  <system-out/>
  <testcase classname="annotations.BeforeClassExample" name="testMethod2" time="0.005"/>
  <system-out/>
</testsuite> <!-- annotations.BeforeClassExample -->
