<?xml version="1.0" encoding="UTF-8"?>
<!-- Generated by org.testng.reporters.JUnitReportReporter -->
<testsuite hostname="DESKTOP-T7IHCJ8" failures="0" tests="2" name="annotations.TestClassOne" time="0.039" errors="0" timestamp="2024-09-12T19:09:25 IST" skipped="0">
  <testcase classname="annotations.TestClassOne" name="tesClassOne" time="0.034"/>
  <system-out/>
  <testcase classname="annotations.TestClassOne" name="tesClassOne" time="0.005"/>
  <system-out/>
</testsuite> <!-- annotations.TestClassOne -->
