<?xml version="1.0" encoding="UTF-8"?>
<!-- Generated by org.testng.reporters.JUnitReportReporter -->
<testsuite hostname="DESKTOP-T7IHCJ8" failures="0" tests="2" name="dataProvider.DataProviderExample" time="0.024" errors="0" timestamp="2024-09-14T20:30:34 IST" skipped="0">
  <testcase classname="dataProvider.DataProviderExample" name="sumOfTwoNumber" time="0.003"/>
  <system-out/>
  <testcase classname="dataProvider.DataProviderExample" name="sumOfTwoNumber" time="0.021"/>
  <system-out/>
</testsuite> <!-- dataProvider.DataProviderExample -->
