<?xml version="1.0" encoding="UTF-8"?>
<!-- Generated by org.testng.reporters.JUnitReportReporter -->
<testsuite hostname="DESKTOP-T7IHCJ8" failures="0" tests="4" name="parallelTests.ParallelTestsExample2" time="0.051" errors="0" timestamp="2024-09-16T12:08:51 IST" skipped="0">
  <testcase classname="parallelTests.ParallelTestsExample2" name="testCase6" time="0.002"/>
  <system-out/>
  <testcase classname="parallelTests.ParallelTestsExample2" name="testCase7" time="0.006"/>
  <system-out/>
  <testcase classname="parallelTests.ParallelTestsExample2" name="testCase5" time="0.039"/>
  <system-out/>
  <testcase classname="parallelTests.ParallelTestsExample2" name="testCase8" time="0.004"/>
  <system-out/>
</testsuite> <!-- parallelTests.ParallelTestsExample2 -->
