<?xml version="1.0" encoding="UTF-8"?>
<!-- Generated by org.testng.reporters.JUnitReportReporter -->
<testsuite hostname="DESKTOP-T7IHCJ8" failures="0" tests="1" name="annotations.BeforeethodExample" time="0.031" errors="0" timestamp="2024-09-12T18:28:27 IST" skipped="0">
  <testcase classname="annotations.BeforeethodExample" name="testMethod" time="0.031"/>
  <system-out/>
</testsuite> <!-- annotations.BeforeethodExample -->
