<?xml version="1.0" encoding="UTF-8"?>
<!-- Generated by org.testng.reporters.JUnitReportReporter -->
<testsuite hostname="DESKTOP-T7IHCJ8" failures="0" tests="2" name="dataProvider.DataProviderSeperateClassExample" time="0.016" errors="0" timestamp="2024-09-14T20:36:58 IST" skipped="0">
  <testcase classname="dataProvider.DataProviderSeperateClassExample" name="sumOfTwoNumber" time="0.002"/>
  <system-out/>
  <testcase classname="dataProvider.DataProviderSeperateClassExample" name="sumOfTwoNumber" time="0.014"/>
  <system-out/>
</testsuite> <!-- dataProvider.DataProviderSeperateClassExample -->
