<?xml version="1.0" encoding="UTF-8"?>
<!-- Generated by org.testng.reporters.JUnitReportReporter -->
<testsuite hostname="DESKTOP-T7IHCJ8" failures="0" tests="4" name="otherFeature.DependsOnMultipleMethodExample" time="0.041" errors="0" timestamp="2024-09-14T19:32:27 IST" skipped="0">
  <testcase classname="otherFeature.DependsOnMultipleMethodExample" name="myTestA" time="0.004"/>
  <system-out/>
  <testcase classname="otherFeature.DependsOnMultipleMethodExample" name="myTestD" time="0.013"/>
  <system-out/>
  <testcase classname="otherFeature.DependsOnMultipleMethodExample" name="myTestC" time="0.005"/>
  <system-out/>
  <testcase classname="otherFeature.DependsOnMultipleMethodExample" name="myTestB" time="0.019"/>
  <system-out/>
</testsuite> <!-- otherFeature.DependsOnMultipleMethodExample -->
