<?xml version="1.0" encoding="UTF-8"?>
<!-- Generated by org.testng.reporters.JUnitReportReporter -->
<testsuite hostname="DESKTOP-T7IHCJ8" failures="0" tests="3" name="otherFeature.PriorityExample" time="0.029" errors="0" timestamp="2024-09-14T19:17:52 IST" skipped="0">
  <testcase classname="otherFeature.PriorityExample" name="testOneMethod" time="0.021"/>
  <system-out/>
  <testcase classname="otherFeature.PriorityExample" name="testTwoMethod" time="0.003"/>
  <system-out/>
  <testcase classname="otherFeature.PriorityExample" name="testThreeMethod" time="0.005"/>
  <system-out/>
</testsuite> <!-- otherFeature.PriorityExample -->
