<?xml version="1.0" encoding="UTF-8"?>
<!-- Generated by org.testng.reporters.JUnitReportReporter -->
<testsuite hostname="DESKTOP-T7IHCJ8" failures="0" tests="4" name="dataProvider.DataProviderClassWithMethodParameterExample" time="0.031" errors="0" timestamp="2024-09-14T20:46:33 IST" skipped="0">
  <testcase classname="dataProvider.DataProviderClassWithMethodParameterExample" name="sumOfTwoNumberMethod2" time="0.011"/>
  <system-out/>
  <testcase classname="dataProvider.DataProviderClassWithMethodParameterExample" name="sumOfTwoNumberMethod1" time="0.014"/>
  <system-out/>
  <testcase classname="dataProvider.DataProviderClassWithMethodParameterExample" name="sumOfTwoNumberMethod2" time="0.002"/>
  <system-out/>
  <testcase classname="dataProvider.DataProviderClassWithMethodParameterExample" name="sumOfTwoNumberMethod1" time="0.004"/>
  <system-out/>
</testsuite> <!-- dataProvider.DataProviderClassWithMethodParameterExample -->
