<?xml version="1.0" encoding="UTF-8"?>
<!-- Generated by org.testng.reporters.JUnitReportReporter -->
<testsuite hostname="DESKTOP-T7IHCJ8" failures="0" tests="4" name="parallelTests.ParallelTestsExample1" time="0.078" errors="0" timestamp="2024-09-16T12:08:51 IST" skipped="0">
  <testcase classname="parallelTests.ParallelTestsExample1" name="testCase2" time="0.057"/>
  <system-out/>
  <testcase classname="parallelTests.ParallelTestsExample1" name="testCase3" time="0.001"/>
  <system-out/>
  <testcase classname="parallelTests.ParallelTestsExample1" name="testCase4" time="0.002"/>
  <system-out/>
  <testcase classname="parallelTests.ParallelTestsExample1" name="testCase1" time="0.018"/>
  <system-out/>
</testsuite> <!-- parallelTests.ParallelTestsExample1 -->
